[0m19:50:56.025761 [debug] [MainThread]: Sending event: {'category': 'dbt', 'action': 'invocation', 'label': 'start', 'context': [<snowplow_tracker.self_describing_json.SelfDescribingJson object at 0x00000274049C0290>, <snowplow_tracker.self_describing_json.SelfDescribingJson object at 0x0000027407FECAD0>, <snowplow_tracker.self_describing_json.SelfDescribingJson object at 0x0000027407FEC090>]}


============================== 19:50:56.035762 | eeb3d721-1a48-43ac-8c3b-1dfb4b75260c ==============================
[0m19:50:56.035762 [info ] [MainThread]: Running with dbt=1.10.15
[0m19:50:56.037769 [debug] [MainThread]: running dbt with arguments {'profiles_dir': 'C:\\Users\\deep7\\.dbt', 'target_path': 'None', 'log_format': 'default', 'invocation_command': 'dbt run --select stag_orders', 'cache_selected_only': 'False', 'warn_error': 'None', 'static_parser': 'True', 'partial_parse': 'True', 'indirect_selection': 'eager', 'send_anonymous_usage_stats': 'True', 'fail_fast': 'False', 'warn_error_options': 'WarnErrorOptionsV2(error=[], warn=[], silence=[])', 'log_path': 'logs', 'version_check': 'True', 'use_experimental_parser': 'False', 'quiet': 'False', 'introspect': 'True', 'empty': 'False', 'log_cache_events': 'False', 'debug': 'False', 'no_print': 'None', 'use_colors': 'True', 'printer_width': '80', 'write_json': 'True'}
[0m19:50:56.038767 [error] [MainThread]: Encountered an error:
Runtime Error
  No dbt_project.yml found at expected path C:\Users\deep7\Olist_Retail_Analysis\dbt_project.yml
  Verify that each entry within packages.yml (and their transitive dependencies) contains a file named dbt_project.yml
  
[0m19:50:56.041119 [debug] [MainThread]: Command `dbt run` failed at 19:50:56.041119 after 0.19 seconds
[0m19:50:56.043133 [debug] [MainThread]: Sending event: {'category': 'dbt', 'action': 'invocation', 'label': 'end', 'context': [<snowplow_tracker.self_describing_json.SelfDescribingJson object at 0x0000027407D6CF90>, <snowplow_tracker.self_describing_json.SelfDescribingJson object at 0x0000027407D6D010>, <snowplow_tracker.self_describing_json.SelfDescribingJson object at 0x00000274013E2910>]}
[0m19:50:56.044133 [debug] [MainThread]: Flushing usage events
[0m19:50:56.306215 [debug] [MainThread]: An error was encountered while trying to flush usage events
[0m19:51:44.250561 [debug] [MainThread]: Sending event: {'category': 'dbt', 'action': 'invocation', 'label': 'start', 'context': [<snowplow_tracker.self_describing_json.SelfDescribingJson object at 0x00000244DE940610>, <snowplow_tracker.self_describing_json.SelfDescribingJson object at 0x00000244DA874050>, <snowplow_tracker.self_describing_json.SelfDescribingJson object at 0x00000244DE56E690>]}


============================== 19:51:44.260508 | 64b5810a-be81-40e9-8aa0-7c93ff87915f ==============================
[0m19:51:44.260508 [info ] [MainThread]: Running with dbt=1.10.15
[0m19:51:44.261498 [debug] [MainThread]: running dbt with arguments {'write_json': 'True', 'profiles_dir': 'C:\\Users\\deep7\\.dbt', 'log_format': 'default', 'use_colors': 'True', 'printer_width': '80', 'warn_error': 'None', 'static_parser': 'True', 'fail_fast': 'False', 'log_path': 'logs', 'send_anonymous_usage_stats': 'True', 'indirect_selection': 'eager', 'warn_error_options': 'WarnErrorOptionsV2(error=[], warn=[], silence=[])', 'partial_parse': 'True', 'version_check': 'True', 'use_experimental_parser': 'False', 'introspect': 'True', 'quiet': 'False', 'empty': 'False', 'log_cache_events': 'False', 'debug': 'False', 'no_print': 'None', 'invocation_command': 'dbt run --select stag_productivity', 'cache_selected_only': 'False', 'target_path': 'None'}
[0m19:51:44.263502 [error] [MainThread]: Encountered an error:
Runtime Error
  No dbt_project.yml found at expected path C:\Users\deep7\Olist_Retail_Analysis\dbt_project.yml
  Verify that each entry within packages.yml (and their transitive dependencies) contains a file named dbt_project.yml
  
[0m19:51:44.265501 [debug] [MainThread]: Command `dbt run` failed at 19:51:44.265501 after 0.17 seconds
[0m19:51:44.266502 [debug] [MainThread]: Sending event: {'category': 'dbt', 'action': 'invocation', 'label': 'end', 'context': [<snowplow_tracker.self_describing_json.SelfDescribingJson object at 0x00000244DE8DC410>, <snowplow_tracker.self_describing_json.SelfDescribingJson object at 0x00000244DE8DC310>, <snowplow_tracker.self_describing_json.SelfDescribingJson object at 0x00000244DE8DFDD0>]}
[0m19:51:44.267498 [debug] [MainThread]: Flushing usage events
[0m19:51:44.486109 [debug] [MainThread]: An error was encountered while trying to flush usage events
